<?xml version="1.0" encoding="UTF-8"?>
<testng-results ignored="0" total="5" passed="5" failed="0" skipped="0">
  <reporter-output>
  </reporter-output>
  <suite started-at="2023-02-04T16:24:40Z" name="AllTestsSuite" finished-at="2023-02-04T16:25:01Z" duration-ms="21180">
    <groups>
    </groups>
    <test started-at="2023-02-04T16:24:40Z" name="My First Selenium TestNG Test" finished-at="2023-02-04T16:25:01Z" duration-ms="21180">
      <class name="TestMethods">
        <test-method is-config="true" signature="setupTest()[pri:0, instance:TestMethods@4e91d63f]" started-at="2023-02-04T16:24:40Z" name="setupTest" finished-at="2023-02-04T16:24:47Z" duration-ms="6730" status="PASS">
          <reporter-output>
          </reporter-output>
        </test-method> <!-- setupTest -->
        <test-method signature="SearchOperation()[pri:0, instance:TestMethods@4e91d63f]" started-at="2023-02-04T16:24:47Z" name="SearchOperation" finished-at="2023-02-04T16:24:50Z" duration-ms="3204" status="PASS">
          <reporter-output>
          </reporter-output>
        </test-method> <!-- SearchOperation -->
        <test-method signature="VerifyLogin()[pri:1, instance:TestMethods@4e91d63f]" started-at="2023-02-04T16:24:50Z" name="VerifyLogin" finished-at="2023-02-04T16:24:52Z" duration-ms="2440" status="PASS">
          <reporter-output>
          </reporter-output>
        </test-method> <!-- VerifyLogin -->
        <test-method signature="FillTheCart()[pri:2, instance:TestMethods@4e91d63f]" started-at="2023-02-04T16:24:52Z" name="FillTheCart" finished-at="2023-02-04T16:24:55Z" duration-ms="2481" status="PASS">
          <reporter-output>
          </reporter-output>
        </test-method> <!-- FillTheCart -->
        <test-method signature="RemoveOneItemFromCart()[pri:3, instance:TestMethods@4e91d63f]" started-at="2023-02-04T16:24:55Z" name="RemoveOneItemFromCart" finished-at="2023-02-04T16:24:57Z" duration-ms="2497" status="PASS">
          <reporter-output>
          </reporter-output>
        </test-method> <!-- RemoveOneItemFromCart -->
        <test-method signature="ProceedWithOrder()[pri:4, instance:TestMethods@4e91d63f]" started-at="2023-02-04T16:24:57Z" name="ProceedWithOrder" finished-at="2023-02-04T16:25:01Z" duration-ms="3318" status="PASS">
          <reporter-output>
          </reporter-output>
        </test-method> <!-- ProceedWithOrder -->
        <test-method is-config="true" signature="teardownTest()[pri:0, instance:TestMethods@4e91d63f]" started-at="2023-02-04T16:25:01Z" name="teardownTest" finished-at="2023-02-04T16:25:01Z" duration-ms="495" status="PASS">
          <reporter-output>
          </reporter-output>
        </test-method> <!-- teardownTest -->
      </class> <!-- TestMethods -->
    </test> <!-- My First Selenium TestNG Test -->
  </suite> <!-- AllTestsSuite -->
</testng-results>
