<?xml version="1.0" encoding="UTF-8"?>
<!-- Generated by org.testng.reporters.JUnitXMLReporter -->
<testsuite ignored="0" hostname="Lukas-MacBook-Air.local" failures="0" tests="5" name="My First Selenium TestNG Test" time="21.18" errors="0" timestamp="04 Feb 2023 16:25:01 GMT">
  <testcase classname="TestMethods" name="SearchOperation" time="3.204"/>
  <testcase classname="TestMethods" name="VerifyLogin" time="2.44"/>
  <testcase classname="TestMethods" name="FillTheCart" time="2.481"/>
  <testcase classname="TestMethods" name="RemoveOneItemFromCart" time="2.497"/>
  <testcase classname="TestMethods" name="ProceedWithOrder" time="3.318"/>
</testsuite> <!-- My First Selenium TestNG Test -->
